<?xml version="1.0" encoding="UTF-8"?>
<testng-results ignored="0" total="1" passed="1" failed="0" skipped="0">
  <reporter-output>
  </reporter-output>
  <suite started-at="2022-08-22T17:04:44 IST" name="Default suite" finished-at="2022-08-22T17:04:47 IST" duration-ms="3363">
    <groups>
    </groups>
    <test started-at="2022-08-22T17:04:44 IST" name="Default test" finished-at="2022-08-22T17:04:47 IST" duration-ms="3363">
      <class name="Test01_GET">
        <test-method signature="test_01()[pri:0, instance:Test01_GET@759d26fb]" started-at="2022-08-22T17:04:44 IST" name="test_01" finished-at="2022-08-22T17:04:47 IST" duration-ms="3310" status="PASS">
          <reporter-output>
          </reporter-output>
        </test-method> <!-- test_01 -->
      </class> <!-- Test01_GET -->
    </test> <!-- Default test -->
  </suite> <!-- Default suite -->
</testng-results>
